2019-06-01 07:57:44 : commit 8f99baf58e1fd2b47c9531b0accbf457d737f372
Author: tungphien <tungphien.cn08@gmail.com>
Date:   Fri May 31 15:39:59 2019 +0700

    aa

diff --git a/.idea/workspace.xml b/.idea/workspace.xml
index dbcd547..b4939bd 100644
--- a/.idea/workspace.xml
+++ b/.idea/workspace.xml
@@ -1,7 +1,10 @@
 <?xml version="1.0" encoding="UTF-8"?>
 <project version="4">
   <component name="ChangeListManager">
-    <list default="true" id="70ccacd2-e9ee-4f97-b4c4-07f67f9bc690" name="Default" comment="" />
+    <list default="true" id="70ccacd2-e9ee-4f97-b4c4-07f67f9bc690" name="Default" comment="">
+      <change type="MODIFICATION" beforePath="$PROJECT_DIR$/JuniperTool.au3" afterPath="$PROJECT_DIR$/JuniperTool.au3" />
+      <change type="MODIFICATION" beforePath="$PROJECT_DIR$/JuniperTool.exe" afterPath="$PROJECT_DIR$/JuniperTool.exe" />
+    </list>
     <option name="EXCLUDED_CONVERTED_TO_IGNORED" value="true" />
     <option name="TRACKING_ENABLED" value="true" />
     <option name="SHOW_DIALOG" value="false" />
diff --git a/JuniperTool.au3 b/JuniperTool.au3
index 8c98fa0..730fe49 100644
--- a/JuniperTool.au3
+++ b/JuniperTool.au3
@@ -826,24 +826,26 @@ Func checkUpdate()
 	  Return $isNeedToUpdate
    EndIf
 
-   $pID = Run(@ComSpec & " /c " & "git fetch origin & git diff origin/master", "", @SW_HIDE, $STDERR_CHILD + $STDOUT_CHILD)
-   Local $consoleOutput = getOutputOfProcess($pID)
-   If StringInStr($consoleOutput, '---') or StringInStr($consoleOutput, '+++') Then
-	  WriteLog('Has new update !')
-	  GUICtrlSetData($msgUpgradeTxt, 'Have new version for this, Please click upgrade button !')
-	  $isNeedToUpdate = True
-   Else
-	  WriteLog('Nothing !')
-	  GUICtrlSetData($msgUpgradeTxt, '')
-	  $isNeedToUpdate =False
-   EndIf
-   WriteLog($consoleOutput)
-   Return $isNeedToUpdate
+   ;$pID = Run(@ComSpec & " /c " & "git fetch origin & git diff origin/master", "", @SW_HIDE, $STDERR_CHILD + $STDOUT_CHILD)
+   ;Local $consoleOutput = getOutputOfProcess($pID)
+   ;WriteLog($consoleOutput)
+   ;If StringInStr($consoleOutput, '---') or StringInStr($consoleOutput, '+++') Then
+	;  WriteLog('Has new update !')
+	 ; GUICtrlSetData($msgUpgradeTxt, 'Have new version for this, Please click upgrade button !')
+	;  $isNeedToUpdate = True
+  ; Else
+	 ; WriteLog('Nothing !')
+	;  GUICtrlSetData($msgUpgradeTxt, '')
+	;  $isNeedToUpdate =False
+  ; EndIf
+   Return True
+
 EndFunc
 
 Func updateApp()
    $answer = MsgBox(BitOR($MB_YESNO, $MB_ICONQUESTION), "Confirm", "Do you want to install upgrade?")
    If  $answer = 6 Then ;If select OK
+	  loadingProgress(200,"Upgrade the Tool","Upgrading...")
 	  $pID = Run(@ComSpec & " /c " & "git fetch --all &  git reset --hard origin/master & git pull https://tungphien:f4715c5b44ec0c14cda116cf7effb7fd568315ed@github.com/tungphien/jtool_update.git", "", @SW_HIDE, $STDERR_CHILD + $STDOUT_CHILD)
 	  Local $consoleOutput = getOutputOfProcess($pID)
 	  WriteLog($consoleOutput)
diff --git a/JuniperTool.exe b/JuniperTool.exe
index 3e80c9a..a9e3c54 100644
Binary files a/JuniperTool.exe and b/JuniperTool.exe differ
